<?xml version="1.0" encoding="UTF-8"?>
<!-- Generated by org.testng.reporters.JUnitReportReporter -->
<testsuite hostname="DESKTOP-U94HBBU" failures="0" tests="1" name="test.ZerodhaHomePageBuyTest1" time="17.150" errors="0" timestamp="2022-08-16T02:30:25 IST" skipped="0">
  <testcase classname="test.ZerodhaHomePageBuyTest1" name="buyAStock" time="17.150"/>
  <system-out/>
</testsuite> <!-- test.ZerodhaHomePageBuyTest1 -->
