<?xml version="1.0" encoding="UTF-8"?>
<!-- Generated by org.testng.reporters.JUnitReportReporter -->
<testsuite hostname="DESKTOP-U94HBBU" failures="0" tests="1" name="test.SampleGit" time="0.003" errors="0" timestamp="2022-08-16T02:27:51 IST" skipped="0">
  <testcase classname="test.SampleGit" name="hello" time="0.003"/>
  <system-out/>
</testsuite> <!-- test.SampleGit -->
