<?xml version="1.0" encoding="UTF-8"?>
<!-- Generated by org.testng.reporters.JUnitReportReporter -->
<testsuite hostname="DESKTOP-U94HBBU" failures="0" tests="1" name="test.KiteZerodhaLogInPageTest" time="7.399" errors="0" timestamp="2022-08-16T03:13:54 IST" skipped="0">
  <testcase classname="test.KiteZerodhaLogInPageTest" name="logInWithValidCredentials" time="7.399"/>
  <system-out/>
</testsuite> <!-- test.KiteZerodhaLogInPageTest -->
