<?xml version="1.0" encoding="UTF-8"?>
<!-- Generated by org.testng.reporters.JUnitReportReporter -->
<testsuite hostname="DESKTOP-U94HBBU" failures="0" tests="2" name="test.ZerodhaHomePageBuyTest" time="11.945" errors="0" timestamp="2022-08-16T03:19:39 IST" skipped="1">
  <testcase classname="test.ZerodhaHomePageBuyTest" name="searchAStockFromSearchList" time="11.945"/>
  <system-out/>
  <testcase classname="test.ZerodhaHomePageBuyTest" name="buyFromWatchlist">
    <skipped/>
  </testcase> <!-- buyFromWatchlist -->
  <system-out/>
</testsuite> <!-- test.ZerodhaHomePageBuyTest -->
